# JRE version: OpenJDK Runtime Environment (8.0_202-b03) (build 1.8.0_202-release-1483-b03)
# Java VM: OpenJDK 64-Bit Server VM (25.202-b03 mixed mode windows-amd64 compressed oops)
Heap:
 PSYoungGen      total 323584K, used 152573K [0x00000000e0000000, 0x00000000f6580000, 0x0000000100000000)
  eden space 289280K, 46% used [0x00000000e0000000,0x00000000e825e420,0x00000000f1a80000)
  from space 34304K, 55% used [0x00000000f3d80000,0x00000000f5021120,0x00000000f5f00000)
  to   space 35840K, 0% used [0x00000000f1a80000,0x00000000f1a80000,0x00000000f3d80000)
 ParOldGen       total 95232K, used 49690K [0x00000000a0000000, 0x00000000a5d00000, 0x00000000e0000000)
  object space 95232K, 52% used [0x00000000a0000000,0x00000000a3086828,0x00000000a5d00000)
 Metaspace       used 92971K, capacity 97246K, committed 97408K, reserved 1134592K
  class space    used 12022K, capacity 12832K, committed 12928K, reserved 1048576K
GC Heap History (10 events):
Event: 132.107 GC heap before
{Heap before GC invocations=25 (full 3):
 PSYoungGen      total 284672K, used 278095K [0x00000000e0000000, 0x00000000f5f00000, 0x0000000100000000)
  eden space 252928K, 100% used [0x00000000e0000000,0x00000000ef700000,0x00000000ef700000)
  from space 31744K, 79% used [0x00000000ef700000,0x00000000f0f93ed0,0x00000000f1600000)
  to   space 34304K, 0% used [0x00000000f3d80000,0x00000000f3d80000,0x00000000f5f00000)
 ParOldGen       total 95232K, used 38961K [0x00000000a0000000, 0x00000000a5d00000, 0x00000000e0000000)
  object space 95232K, 40% used [0x00000000a0000000,0x00000000a260c4c8,0x00000000a5d00000)
 Metaspace       used 91811K, capacity 95956K, committed 96128K, reserved 1132544K
  class space    used 11884K, capacity 12671K, committed 12672K, reserved 1048576K
Event: 132.196 GC heap after
Heap after GC invocations=25 (full 3):
 PSYoungGen      total 323584K, used 23730K [0x00000000e0000000, 0x00000000f6580000, 0x0000000100000000)
  eden space 289280K, 0% used [0x00000000e0000000,0x00000000e0000000,0x00000000f1a80000)
  from space 34304K, 69% used [0x00000000f3d80000,0x00000000f54ac9e0,0x00000000f5f00000)
  to   space 35840K, 0% used [0x00000000f1a80000,0x00000000f1a80000,0x00000000f3d80000)
 ParOldGen       total 95232K, used 38969K [0x00000000a0000000, 0x00000000a5d00000, 0x00000000e0000000)
  object space 95232K, 40% used [0x00000000a0000000,0x00000000a260e4c8,0x00000000a5d00000)
 Metaspace       used 91811K, capacity 95956K, committed 96128K, reserved 1132544K
  class space    used 11884K, capacity 12671K, committed 12672K, reserved 1048576K
}
Event: 134.679 GC heap before
{Heap before GC invocations=26 (full 3):
 PSYoungGen      total 323584K, used 313010K [0x00000000e0000000, 0x00000000f6580000, 0x0000000100000000)
  eden space 289280K, 100% used [0x00000000e0000000,0x00000000f1a80000,0x00000000f1a80000)
  from space 34304K, 69% used [0x00000000f3d80000,0x00000000f54ac9e0,0x00000000f5f00000)
  to   space 35840K, 0% used [0x00000000f1a80000,0x00000000f1a80000,0x00000000f3d80000)
 ParOldGen       total 95232K, used 38969K [0x00000000a0000000, 0x00000000a5d00000, 0x00000000e0000000)
  object space 95232K, 40% used [0x00000000a0000000,0x00000000a260e4c8,0x00000000a5d00000)
 Metaspace       used 91856K, capacity 95968K, committed 96128K, reserved 1132544K
  class space    used 11884K, capacity 12671K, committed 12672K, reserved 1048576K
Event: 134.762 GC heap after
Heap after GC invocations=26 (full 3):
 PSYoungGen      total 325120K, used 25203K [0x00000000e0000000, 0x00000000f6580000, 0x0000000100000000)
  eden space 289280K, 0% used [0x00000000e0000000,0x00000000e0000000,0x00000000f1a80000)
  from space 35840K, 70% used [0x00000000f1a80000,0x00000000f331ce28,0x00000000f3d80000)
  to   space 34304K, 0% used [0x00000000f3d80000,0x00000000f3d80000,0x00000000f5f00000)
 ParOldGen       total 95232K, used 38977K [0x00000000a0000000, 0x00000000a5d00000, 0x00000000e0000000)
  object space 95232K, 40% used [0x00000000a0000000,0x00000000a26104c8,0x00000000a5d00000)
 Metaspace       used 91856K, capacity 95968K, committed 96128K, reserved 1132544K
  class space    used 11884K, capacity 12671K, committed 12672K, reserved 1048576K
}
Event: 136.974 GC heap before
{Heap before GC invocations=27 (full 3):
 PSYoungGen      total 325120K, used 314483K [0x00000000e0000000, 0x00000000f6580000, 0x0000000100000000)
  eden space 289280K, 100% used [0x00000000e0000000,0x00000000f1a80000,0x00000000f1a80000)
  from space 35840K, 70% used [0x00000000f1a80000,0x00000000f331ce28,0x00000000f3d80000)
  to   space 34304K, 0% used [0x00000000f3d80000,0x00000000f3d80000,0x00000000f5f00000)
 ParOldGen       total 95232K, used 38977K [0x00000000a0000000, 0x00000000a5d00000, 0x00000000e0000000)
  object space 95232K, 40% used [0x00000000a0000000,0x00000000a26104c8,0x00000000a5d00000)
 Metaspace       used 92037K, capacity 96152K, committed 96256K, reserved 1132544K
  class space    used 11897K, capacity 12707K, committed 12800K, reserved 1048576K
Event: 137.065 GC heap after
Heap after GC invocations=27 (full 3):
 PSYoungGen      total 323584K, used 33147K [0x00000000e0000000, 0x00000000f6580000, 0x0000000100000000)
  eden space 289280K, 0% used [0x00000000e0000000,0x00000000e0000000,0x00000000f1a80000)
  from space 34304K, 96% used [0x00000000f3d80000,0x00000000f5ddeef8,0x00000000f5f00000)
  to   space 35840K, 0% used [0x00000000f1a80000,0x00000000f1a80000,0x00000000f3d80000)
 ParOldGen       total 95232K, used 38985K [0x00000000a0000000, 0x00000000a5d00000, 0x00000000e0000000)
  object space 95232K, 40% used [0x00000000a0000000,0x00000000a26124c8,0x00000000a5d00000)
 Metaspace       used 92037K, capacity 96152K, committed 96256K, reserved 1132544K
  class space    used 11897K, capacity 12707K, committed 12800K, reserved 1048576K
}
Event: 139.449 GC heap before
{Heap before GC invocations=28 (full 3):
 PSYoungGen      total 323584K, used 322427K [0x00000000e0000000, 0x00000000f6580000, 0x0000000100000000)
  eden space 289280K, 100% used [0x00000000e0000000,0x00000000f1a80000,0x00000000f1a80000)
  from space 34304K, 96% used [0x00000000f3d80000,0x00000000f5ddeef8,0x00000000f5f00000)
  to   space 35840K, 0% used [0x00000000f1a80000,0x00000000f1a80000,0x00000000f3d80000)
 ParOldGen       total 95232K, used 38985K [0x00000000a0000000, 0x00000000a5d00000, 0x00000000e0000000)
  object space 95232K, 40% used [0x00000000a0000000,0x00000000a26124c8,0x00000000a5d00000)
 Metaspace       used 92312K, capacity 96482K, committed 96768K, reserved 1132544K
  class space    used 11937K, capacity 12762K, committed 12800K, reserved 1048576K
Event: 139.530 GC heap after
Heap after GC invocations=28 (full 3):
 PSYoungGen      total 325120K, used 24234K [0x00000000e0000000, 0x00000000f6580000, 0x0000000100000000)
  eden space 289280K, 0% used [0x00000000e0000000,0x00000000e0000000,0x00000000f1a80000)
  from space 35840K, 67% used [0x00000000f1a80000,0x00000000f322abf8,0x00000000f3d80000)
  to   space 34304K, 0% used [0x00000000f3d80000,0x00000000f3d80000,0x00000000f5f00000)
 ParOldGen       total 95232K, used 47350K [0x00000000a0000000, 0x00000000a5d00000, 0x00000000e0000000)
  object space 95232K, 49% used [0x00000000a0000000,0x00000000a2e3da38,0x00000000a5d00000)
 Metaspace       used 92312K, capacity 96482K, committed 96768K, reserved 1132544K
  class space    used 11937K, capacity 12762K, committed 12800K, reserved 1048576K
}
Event: 142.299 GC heap before
{Heap before GC invocations=29 (full 3):
 PSYoungGen      total 325120K, used 313514K [0x00000000e0000000, 0x00000000f6580000, 0x0000000100000000)
  eden space 289280K, 100% used [0x00000000e0000000,0x00000000f1a80000,0x00000000f1a80000)
  from space 35840K, 67% used [0x00000000f1a80000,0x00000000f322abf8,0x00000000f3d80000)
  to   space 34304K, 0% used [0x00000000f3d80000,0x00000000f3d80000,0x00000000f5f00000)
 ParOldGen       total 95232K, used 47350K [0x00000000a0000000, 0x00000000a5d00000, 0x00000000e0000000)
  object space 95232K, 49% used [0x00000000a0000000,0x00000000a2e3da38,0x00000000a5d00000)
 Metaspace       used 92376K, capacity 96636K, committed 96768K, reserved 1132544K
  class space    used 11940K, capacity 12765K, committed 12800K, reserved 1048576K
Event: 142.394 GC heap after
Heap after GC invocations=29 (full 3):
 PSYoungGen      total 323584K, used 19076K [0x00000000e0000000, 0x00000000f6580000, 0x0000000100000000)
  eden space 289280K, 0% used [0x00000000e0000000,0x00000000e0000000,0x00000000f1a80000)
  from space 34304K, 55% used [0x00000000f3d80000,0x00000000f5021120,0x00000000f5f00000)
  to   space 35840K, 0% used [0x00000000f1a80000,0x00000000f1a80000,0x00000000f3d80000)
 ParOldGen       total 95232K, used 49690K [0x00000000a0000000, 0x00000000a5d00000, 0x00000000e0000000)
  object space 95232K, 52% used [0x00000000a0000000,0x00000000a3086828,0x00000000a5d00000)
 Metaspace       used 92376K, capacity 96636K, committed 96768K, reserved 1132544K
  class space    used 11940K, capacity 12765K, committed 12800K, reserved 1048576K
}

