# JRE version: OpenJDK Runtime Environment (8.0_202-b03) (build 1.8.0_202-release-1483-b03)
# Java VM: OpenJDK 64-Bit Server VM (25.202-b03 mixed mode windows-amd64 compressed oops)
Heap:
 PSYoungGen      total 228864K, used 161104K [0x00000000e0000000, 0x00000000efd80000, 0x0000000100000000)
  eden space 204288K, 68% used [0x00000000e0000000,0x00000000e87f72a0,0x00000000ec780000)
  from space 24576K, 89% used [0x00000000ee380000,0x00000000ef8dcf10,0x00000000efb80000)
  to   space 27648K, 0% used [0x00000000ec780000,0x00000000ec780000,0x00000000ee280000)
 ParOldGen       total 97792K, used 42235K [0x00000000a0000000, 0x00000000a5f80000, 0x00000000e0000000)
  object space 97792K, 43% used [0x00000000a0000000,0x00000000a293ef50,0x00000000a5f80000)
 Metaspace       used 84609K, capacity 88244K, committed 88448K, reserved 1126400K
  class space    used 11052K, capacity 11777K, committed 11904K, reserved 1048576K
GC Heap History (10 events):
Event: 25.877 GC heap before
{Heap before GC invocations=15 (full 2):
 PSYoungGen      total 165376K, used 62719K [0x00000000e0000000, 0x00000000ebe00000, 0x0000000100000000)
  eden space 149504K, 31% used [0x00000000e0000000,0x00000000e2dc5318,0x00000000e9200000)
  from space 15872K, 99% used [0x00000000ea580000,0x00000000eb4fa988,0x00000000eb500000)
  to   space 19968K, 0% used [0x00000000e9200000,0x00000000e9200000,0x00000000ea580000)
 ParOldGen       total 62464K, used 23825K [0x00000000a0000000, 0x00000000a3d00000, 0x00000000e0000000)
  object space 62464K, 38% used [0x00000000a0000000,0x00000000a17445c0,0x00000000a3d00000)
 Metaspace       used 57036K, capacity 58982K, committed 59096K, reserved 1099776K
  class space    used 7784K, capacity 8234K, committed 8320K, reserved 1048576K
Event: 25.907 GC heap after
Heap after GC invocations=15 (full 2):
 PSYoungGen      total 169472K, used 3241K [0x00000000e0000000, 0x00000000edb80000, 0x0000000100000000)
  eden space 149504K, 0% used [0x00000000e0000000,0x00000000e0000000,0x00000000e9200000)
  from space 19968K, 16% used [0x00000000e9200000,0x00000000e952a790,0x00000000ea580000)
  to   space 19456K, 0% used [0x00000000ec880000,0x00000000ec880000,0x00000000edb80000)
 ParOldGen       total 62464K, used 37426K [0x00000000a0000000, 0x00000000a3d00000, 0x00000000e0000000)
  object space 62464K, 59% used [0x00000000a0000000,0x00000000a248c888,0x00000000a3d00000)
 Metaspace       used 57036K, capacity 58982K, committed 59096K, reserved 1099776K
  class space    used 7784K, capacity 8234K, committed 8320K, reserved 1048576K
}
Event: 25.907 GC heap before
{Heap before GC invocations=16 (full 3):
 PSYoungGen      total 169472K, used 3241K [0x00000000e0000000, 0x00000000edb80000, 0x0000000100000000)
  eden space 149504K, 0% used [0x00000000e0000000,0x00000000e0000000,0x00000000e9200000)
  from space 19968K, 16% used [0x00000000e9200000,0x00000000e952a790,0x00000000ea580000)
  to   space 19456K, 0% used [0x00000000ec880000,0x00000000ec880000,0x00000000edb80000)
 ParOldGen       total 62464K, used 37426K [0x00000000a0000000, 0x00000000a3d00000, 0x00000000e0000000)
  object space 62464K, 59% used [0x00000000a0000000,0x00000000a248c888,0x00000000a3d00000)
 Metaspace       used 57036K, capacity 58982K, committed 59096K, reserved 1099776K
  class space    used 7784K, capacity 8234K, committed 8320K, reserved 1048576K
Event: 26.311 GC heap after
Heap after GC invocations=16 (full 3):
 PSYoungGen      total 169472K, used 0K [0x00000000e0000000, 0x00000000edb80000, 0x0000000100000000)
  eden space 149504K, 0% used [0x00000000e0000000,0x00000000e0000000,0x00000000e9200000)
  from space 19968K, 0% used [0x00000000e9200000,0x00000000e9200000,0x00000000ea580000)
  to   space 19456K, 0% used [0x00000000ec880000,0x00000000ec880000,0x00000000edb80000)
 ParOldGen       total 97792K, used 31118K [0x00000000a0000000, 0x00000000a5f80000, 0x00000000e0000000)
  object space 97792K, 31% used [0x00000000a0000000,0x00000000a1e63ba8,0x00000000a5f80000)
 Metaspace       used 57024K, capacity 58940K, committed 59096K, reserved 1099776K
  class space    used 7780K, capacity 8227K, committed 8320K, reserved 1048576K
}
Event: 32.945 GC heap before
{Heap before GC invocations=17 (full 3):
 PSYoungGen      total 169472K, used 149504K [0x00000000e0000000, 0x00000000edb80000, 0x0000000100000000)
  eden space 149504K, 100% used [0x00000000e0000000,0x00000000e9200000,0x00000000e9200000)
  from space 19968K, 0% used [0x00000000e9200000,0x00000000e9200000,0x00000000ea580000)
  to   space 19456K, 0% used [0x00000000ec880000,0x00000000ec880000,0x00000000edb80000)
 ParOldGen       total 97792K, used 31118K [0x00000000a0000000, 0x00000000a5f80000, 0x00000000e0000000)
  object space 97792K, 31% used [0x00000000a0000000,0x00000000a1e63ba8,0x00000000a5f80000)
 Metaspace       used 64071K, capacity 66668K, committed 66944K, reserved 1107968K
  class space    used 8742K, capacity 9269K, committed 9344K, reserved 1048576K
Event: 32.979 GC heap after
Heap after GC invocations=17 (full 3):
 PSYoungGen      total 192000K, used 12285K [0x00000000e0000000, 0x00000000ed580000, 0x0000000100000000)
  eden space 178688K, 0% used [0x00000000e0000000,0x00000000e0000000,0x00000000eae80000)
  from space 13312K, 92% used [0x00000000ec880000,0x00000000ed47f6e0,0x00000000ed580000)
  to   space 19968K, 0% used [0x00000000eae80000,0x00000000eae80000,0x00000000ec200000)
 ParOldGen       total 97792K, used 31126K [0x00000000a0000000, 0x00000000a5f80000, 0x00000000e0000000)
  object space 97792K, 31% used [0x00000000a0000000,0x00000000a1e65ba8,0x00000000a5f80000)
 Metaspace       used 64071K, capacity 66668K, committed 66944K, reserved 1107968K
  class space    used 8742K, capacity 9269K, committed 9344K, reserved 1048576K
}
Event: 76.317 GC heap before
{Heap before GC invocations=18 (full 3):
 PSYoungGen      total 192000K, used 190973K [0x00000000e0000000, 0x00000000ed580000, 0x0000000100000000)
  eden space 178688K, 100% used [0x00000000e0000000,0x00000000eae80000,0x00000000eae80000)
  from space 13312K, 92% used [0x00000000ec880000,0x00000000ed47f6e0,0x00000000ed580000)
  to   space 19968K, 0% used [0x00000000eae80000,0x00000000eae80000,0x00000000ec200000)
 ParOldGen       total 97792K, used 31126K [0x00000000a0000000, 0x00000000a5f80000, 0x00000000e0000000)
  object space 97792K, 31% used [0x00000000a0000000,0x00000000a1e65ba8,0x00000000a5f80000)
 Metaspace       used 70528K, capacity 73448K, committed 73728K, reserved 1114112K
  class space    used 9322K, capacity 9935K, committed 9984K, reserved 1048576K
Event: 76.411 GC heap after
Heap after GC invocations=18 (full 3):
 PSYoungGen      total 198656K, used 19938K [0x00000000e0000000, 0x00000000efb80000, 0x0000000100000000)
  eden space 178688K, 0% used [0x00000000e0000000,0x00000000e0000000,0x00000000eae80000)
  from space 19968K, 99% used [0x00000000eae80000,0x00000000ec1f8b98,0x00000000ec200000)
  to   space 24576K, 0% used [0x00000000ee380000,0x00000000ee380000,0x00000000efb80000)
 ParOldGen       total 97792K, used 35178K [0x00000000a0000000, 0x00000000a5f80000, 0x00000000e0000000)
  object space 97792K, 35% used [0x00000000a0000000,0x00000000a225a9e0,0x00000000a5f80000)
 Metaspace       used 70528K, capacity 73448K, committed 73728K, reserved 1114112K
  class space    used 9322K, capacity 9935K, committed 9984K, reserved 1048576K
}
Event: 106.103 GC heap before
{Heap before GC invocations=19 (full 3):
 PSYoungGen      total 198656K, used 198626K [0x00000000e0000000, 0x00000000efb80000, 0x0000000100000000)
  eden space 178688K, 100% used [0x00000000e0000000,0x00000000eae80000,0x00000000eae80000)
  from space 19968K, 99% used [0x00000000eae80000,0x00000000ec1f8b98,0x00000000ec200000)
  to   space 24576K, 0% used [0x00000000ee380000,0x00000000ee380000,0x00000000efb80000)
 ParOldGen       total 97792K, used 35178K [0x00000000a0000000, 0x00000000a5f80000, 0x00000000e0000000)
  object space 97792K, 35% used [0x00000000a0000000,0x00000000a225a9e0,0x00000000a5f80000)
 Metaspace       used 76162K, capacity 79226K, committed 79488K, reserved 1118208K
  class space    used 9959K, capacity 10616K, committed 10624K, reserved 1048576K
Event: 106.185 GC heap after
Heap after GC invocations=19 (full 3):
 PSYoungGen      total 228864K, used 21875K [0x00000000e0000000, 0x00000000efd80000, 0x0000000100000000)
  eden space 204288K, 0% used [0x00000000e0000000,0x00000000e0000000,0x00000000ec780000)
  from space 24576K, 89% used [0x00000000ee380000,0x00000000ef8dcf10,0x00000000efb80000)
  to   space 27648K, 0% used [0x00000000ec780000,0x00000000ec780000,0x00000000ee280000)
 ParOldGen       total 97792K, used 42235K [0x00000000a0000000, 0x00000000a5f80000, 0x00000000e0000000)
  object space 97792K, 43% used [0x00000000a0000000,0x00000000a293ef50,0x00000000a5f80000)
 Metaspace       used 76162K, capacity 79226K, committed 79488K, reserved 1118208K
  class space    used 9959K, capacity 10616K, committed 10624K, reserved 1048576K
}

